#
# There is insufficient memory for the Java Runtime Environment to continue.
# Native memory allocation (malloc) failed to allocate 188736 bytes for Chunk::new
# Possible reasons:
#   The system is out of physical RAM or swap space
#   The process is running with CompressedOops enabled, and the Java Heap may be blocking the growth of the native heap
# Possible solutions:
#   Reduce memory load on the system
#   Increase physical memory or swap space
#   Check if swap backing store is full
#   Decrease Java heap size (-Xmx/-Xms)
#   Decrease number of Java threads
#   Decrease Java thread stack sizes (-Xss)
#   Set larger code cache with -XX:ReservedCodeCacheSize=
#   JVM is running with Unscaled Compressed Oops mode in which the Java heap is
#     placed in the first 4GB address space. The Java Heap base address is the
#     maximum limit for the native heap growth. Please use -XX:HeapBaseMinAddress
#     to set the Java Heap base and to place the Java Heap above 4GB virtual address.
# This output file may be truncated or incomplete.
#
#  Out of Memory Error (arena.cpp:191), pid=24552, tid=18964
#
# JRE version: OpenJDK Runtime Environment JBR-17.0.9+7-1087.11-jcef (17.0.9+7) (build 17.0.9+7-b1087.11)
# Java VM: OpenJDK 64-Bit Server VM JBR-17.0.9+7-1087.11-jcef (17.0.9+7-b1087.11, mixed mode, tiered, compressed oops, compressed class ptrs, g1 gc, windows-amd64)
# No core dump will be written. Minidumps are not enabled by default on client versions of Windows
#

---------------  S U M M A R Y ------------

Command Line: git4idea.http.GitAskPassApp Username for 'https://github.com': 

Host: AMD Ryzen 5 3500U with Radeon Vega Mobile Gfx  , 8 cores, 5G,  Windows 11 , 64 bit Build 22621 (10.0.22621.3958)
Time: Thu Oct 10 18:14:31 2024 Közép-európai nyári iduild 22621 (10.0.22621.3958) elapsed time: 0.909710 seconds (0d 0h 0m 0s)

---------------  T H R E A D  ---------------

Current thread (0x0000020d9d65cd00):  JavaThread "C2 CompilerThread0" daemon [_thread_in_native, id=18964, stack(0x0000001121200000,0x0000001121300000)]


Current CompileTask:
C2:    909  901   !   4       java.util.concurrent.ConcurrentHashMap::putVal (432 bytes)

Stack: [0x0000001121200000,0x0000001121300000]
Native frames: (J=compiled Java code, j=interpreted, Vv=VM code, C=native code)
V  [jvm.dll+0x688349]
V  [jvm.dll+0x841bfa]
V  [jvm.dll+0x84383e]
V  [jvm.dll+0x843ea3]
V  [jvm.dll+0x24bdef]
V  [jvm.dll+0xac44c]
V  [jvm.dll+0xaca9c]
V  [jvm.dll+0x2b33ef]
V  [jvm.dll+0x590407]
V  [jvm.dll+0x226412]
V  [jvm.dll+0x21f13d]
V  [jvm.dll+0x21cd71]
V  [jvm.dll+0x1a66dd]
V  [jvm.dll+0x22cd28]
V  [jvm.dll+0x22ae60]
V  [jvm.dll+0x7f6087]
V  [jvm.dll+0x7f043a]
V  [jvm.dll+0x6871c5]
C  [ucrtbase.dll+0x29333]
C  [KERNEL32.DLL+0x1257d]
C  [ntdll.dll+0x5af08]


---------------  P R O C E S S  ---------------

Threads class SMR info:
_java_thread_list=0x0000020da2309470, length=16, elements={
0x0000020d82722e50, 0x0000020d9d3cd260, 0x0000020d9d3d0890, 0x0000020d9d3de1c0,
0x0000020d9d63c090, 0x0000020d9d63d100, 0x0000020d9d658000, 0x0000020d9d65cd00,
0x0000020d9d65d7b0, 0x0000020d9d6727b0, 0x0000020d9d7d88d0, 0x0000020d9d7ed640,
0x0000020da227d460, 0x0000020da2285c40, 0x0000020da22a97e0, 0x0000020da234cda0
}

Java Threads: ( => current thread )
  0x0000020d82722e50 JavaThread "main" [_thread_blocked, id=11124, stack(0x0000001120500000,0x0000001120600000)]
  0x0000020d9d3cd260 JavaThread "Reference Handler" daemon [_thread_blocked, id=26068, stack(0x0000001120c00000,0x0000001120d00000)]
  0x0000020d9d3d0890 JavaThread "Finalizer" daemon [_thread_blocked, id=26416, stack(0x0000001120d00000,0x0000001120e00000)]
  0x0000020d9d3de1c0 JavaThread "Signal Dispatcher" daemon [_thread_blocked, id=27004, stack(0x0000001120e00000,0x0000001120f00000)]
  0x0000020d9d63c090 JavaThread "Attach Listener" daemon [_thread_blocked, id=25536, stack(0x0000001120f00000,0x0000001121000000)]
  0x0000020d9d63d100 JavaThread "Service Thread" daemon [_thread_blocked, id=11136, stack(0x0000001121000000,0x0000001121100000)]
  0x0000020d9d658000 JavaThread "Monitor Deflation Thread" daemon [_thread_blocked, id=20788, stack(0x0000001121100000,0x0000001121200000)]
=>0x0000020d9d65cd00 JavaThread "C2 CompilerThread0" daemon [_thread_in_native, id=18964, stack(0x0000001121200000,0x0000001121300000)]
  0x0000020d9d65d7b0 JavaThread "C1 CompilerThread0" daemon [_thread_blocked, id=25136, stack(0x0000001121300000,0x0000001121400000)]
  0x0000020d9d6727b0 JavaThread "Sweeper thread" daemon [_thread_blocked, id=29656, stack(0x0000001121400000,0x0000001121500000)]
  0x0000020d9d7d88d0 JavaThread "Notification Thread" daemon [_thread_blocked, id=23268, stack(0x0000001121500000,0x0000001121600000)]
  0x0000020d9d7ed640 JavaThread "Common-Cleaner" daemon [_thread_blocked, id=21028, stack(0x0000001121700000,0x0000001121800000)]
  0x0000020da227d460 JavaThread "HttpClient-1-SelectorManager" daemon [_thread_in_native, id=13480, stack(0x0000001121800000,0x0000001121900000)]
  0x0000020da2285c40 JavaThread "HttpClient-1-Worker-0" daemon [_thread_blocked, id=27460, stack(0x0000001121a00000,0x0000001121b00000)]
  0x0000020da22a97e0 JavaThread "HttpClient-1-Worker-1" daemon [_thread_blocked, id=4732, stack(0x0000001121b00000,0x0000001121c00000)]
  0x0000020da234cda0 JavaThread "C2 CompilerThread1" daemon [_thread_in_native, id=8116, stack(0x0000001121c00000,0x0000001121d00000)]

Other Threads:
  0x0000020d9d3aa940 VMThread "VM Thread" [stack: 0x0000001120b00000,0x0000001120c00000] [id=16688]
  0x0000020d9d7d91c0 WatcherThread [stack: 0x0000001121600000,0x0000001121700000] [id=964]
  0x0000020d8276dc50 GCTaskThread "GC Thread#0" [stack: 0x0000001120600000,0x0000001120700000] [id=24352]
  0x0000020d8277a7e0 ConcurrentGCThread "G1 Main Marker" [stack: 0x0000001120700000,0x0000001120800000] [id=28832]
  0x0000020d8277b9a0 ConcurrentGCThread "G1 Conc#0" [stack: 0x0000001120800000,0x0000001120900000] [id=29120]
  0x0000020d827ceb20 ConcurrentGCThread "G1 Refine#0" [stack: 0x0000001120900000,0x0000001120a00000] [id=26940]
  0x0000020d9d201b00 ConcurrentGCThread "G1 Service" [stack: 0x0000001120a00000,0x0000001120b00000] [id=5240]

Threads with active compile tasks:
C2 CompilerThread0      956  901   !   4       java.util.concurrent.ConcurrentHashMap::putVal (432 bytes)
C2 CompilerThread1      956  922       4       sun.security.util.math.intpoly.IntegerPolynomial25519::carryReduce (639 bytes)

VM state: not at safepoint (normal execution)

VM Mutex/Monitor currently owned by a thread: None

Heap address: 0x00000000a1e00000, size: 1506 MB, Compressed Oops mode: 32-bit

CDS archive(s) not mapped
Compressed class space mapped at: 0x0000000100000000-0x0000000140000000, reserved size: 1073741824
Narrow klass base: 0x0000000000000000, Narrow klass shift: 3, Narrow klass range: 0x140000000

GC Precious Log:
 CPUs: 8 total, 8 available
 Memory: 6020M
 Large Page Support: Disabled
 NUMA Support: Disabled
 Compressed Oops: Enabled (32-bit)
 Heap Region Size: 1M
 Heap Min Capacity: 8M
 Heap Initial Capacity: 96M
 Heap Max Capacity: 1506M
 Pre-touch: Disabled
 Parallel Workers: 8
 Concurrent Workers: 2
 Concurrent Refinement Workers: 8
 Periodic GC: Disabled

Heap:
 garbage-first heap   total 98304K, used 12288K [0x00000000a1e00000, 0x0000000100000000)
  region size 1024K, 13 young (13312K), 0 survivors (0K)
 Metaspace       used 15308K, committed 15552K, reserved 1114112K
  class space    used 1597K, committed 1728K, reserved 1048576K

Heap Regions: E=young(eden), S=young(survivor), O=old, HS=humongous(starts), HC=humongous(continues), CS=collection set, F=free, OA=open archive, CA=closed archive, TAMS=top-at-mark-start (previous, next)
|   0|0x00000000a1e00000, 0x00000000a1e00000, 0x00000000a1f00000|  0%| F|  |TAMS 0x00000000a1e00000, 0x00000000a1e00000| Untracked 
|   1|0x00000000a1f00000, 0x00000000a1f00000, 0x00000000a2000000|  0%| F|  |TAMS 0x00000000a1f00000, 0x00000000a1f00000| Untracked 
|   2|0x00000000a2000000, 0x00000000a2000000, 0x00000000a2100000|  0%| F|  |TAMS 0x00000000a2000000, 0x00000000a2000000| Untracked 
|   3|0x00000000a2100000, 0x00000000a2100000, 0x00000000a2200000|  0%| F|  |TAMS 0x00000000a2100000, 0x00000000a2100000| Untracked 
|   4|0x00000000a2200000, 0x00000000a2200000, 0x00000000a2300000|  0%| F|  |TAMS 0x00000000a2200000, 0x00000000a2200000| Untracked 
|   5|0x00000000a2300000, 0x00000000a2300000, 0x00000000a2400000|  0%| F|  |TAMS 0x00000000a2300000, 0x00000000a2300000| Untracked 
|   6|0x00000000a2400000, 0x00000000a2400000, 0x00000000a2500000|  0%| F|  |TAMS 0x00000000a2400000, 0x00000000a2400000| Untracked 
|   7|0x00000000a2500000, 0x00000000a2500000, 0x00000000a2600000|  0%| F|  |TAMS 0x00000000a2500000, 0x00000000a2500000| Untracked 
|   8|0x00000000a2600000, 0x00000000a2600000, 0x00000000a2700000|  0%| F|  |TAMS 0x00000000a2600000, 0x00000000a2600000| Untracked 
|   9|0x00000000a2700000, 0x00000000a2700000, 0x00000000a2800000|  0%| F|  |TAMS 0x00000000a2700000, 0x00000000a2700000| Untracked 
|  10|0x00000000a2800000, 0x00000000a2800000, 0x00000000a2900000|  0%| F|  |TAMS 0x00000000a2800000, 0x00000000a2800000| Untracked 
|  11|0x00000000a2900000, 0x00000000a2900000, 0x00000000a2a00000|  0%| F|  |TAMS 0x00000000a2900000, 0x00000000a2900000| Untracked 
|  12|0x00000000a2a00000, 0x00000000a2a00000, 0x00000000a2b00000|  0%| F|  |TAMS 0x00000000a2a00000, 0x00000000a2a00000| Untracked 
|  13|0x00000000a2b00000, 0x00000000a2b00000, 0x00000000a2c00000|  0%| F|  |TAMS 0x00000000a2b00000, 0x00000000a2b00000| Untracked 
|  14|0x00000000a2c00000, 0x00000000a2c00000, 0x00000000a2d00000|  0%| F|  |TAMS 0x00000000a2c00000, 0x00000000a2c00000| Untracked 
|  15|0x00000000a2d00000, 0x00000000a2d00000, 0x00000000a2e00000|  0%| F|  |TAMS 0x00000000a2d00000, 0x00000000a2d00000| Untracked 
|  16|0x00000000a2e00000, 0x00000000a2e00000, 0x00000000a2f00000|  0%| F|  |TAMS 0x00000000a2e00000, 0x00000000a2e00000| Untracked 
|  17|0x00000000a2f00000, 0x00000000a2f00000, 0x00000000a3000000|  0%| F|  |TAMS 0x00000000a2f00000, 0x00000000a2f00000| Untracked 
|  18|0x00000000a3000000, 0x00000000a3000000, 0x00000000a3100000|  0%| F|  |TAMS 0x00000000a3000000, 0x00000000a3000000| Untracked 
|  19|0x00000000a3100000, 0x00000000a3100000, 0x00000000a3200000|  0%| F|  |TAMS 0x00000000a3100000, 0x00000000a3100000| Untracked 
|  20|0x00000000a3200000, 0x00000000a3200000, 0x00000000a3300000|  0%| F|  |TAMS 0x00000000a3200000, 0x00000000a3200000| Untracked 
|  21|0x00000000a3300000, 0x00000000a3300000, 0x00000000a3400000|  0%| F|  |TAMS 0x00000000a3300000, 0x00000000a3300000| Untracked 
|  22|0x00000000a3400000, 0x00000000a3400000, 0x00000000a3500000|  0%| F|  |TAMS 0x00000000a3400000, 0x00000000a3400000| Untracked 
|  23|0x00000000a3500000, 0x00000000a3500000, 0x00000000a3600000|  0%| F|  |TAMS 0x00000000a3500000, 0x00000000a3500000| Untracked 
|  24|0x00000000a3600000, 0x00000000a3600000, 0x00000000a3700000|  0%| F|  |TAMS 0x00000000a3600000, 0x00000000a3600000| Untracked 
|  25|0x00000000a3700000, 0x00000000a3700000, 0x00000000a3800000|  0%| F|  |TAMS 0x00000000a3700000, 0x00000000a3700000| Untracked 
|  26|0x00000000a3800000, 0x00000000a3800000, 0x00000000a3900000|  0%| F|  |TAMS 0x00000000a3800000, 0x00000000a3800000| Untracked 
|  27|0x00000000a3900000, 0x00000000a3900000, 0x00000000a3a00000|  0%| F|  |TAMS 0x00000000a3900000, 0x00000000a3900000| Untracked 
|  28|0x00000000a3a00000, 0x00000000a3a00000, 0x00000000a3b00000|  0%| F|  |TAMS 0x00000000a3a00000, 0x00000000a3a00000| Untracked 
|  29|0x00000000a3b00000, 0x00000000a3b00000, 0x00000000a3c00000|  0%| F|  |TAMS 0x00000000a3b00000, 0x00000000a3b00000| Untracked 
|  30|0x00000000a3c00000, 0x00000000a3c00000, 0x00000000a3d00000|  0%| F|  |TAMS 0x00000000a3c00000, 0x00000000a3c00000| Untracked 
|  31|0x00000000a3d00000, 0x00000000a3d00000, 0x00000000a3e00000|  0%| F|  |TAMS 0x00000000a3d00000, 0x00000000a3d00000| Untracked 
|  32|0x00000000a3e00000, 0x00000000a3e00000, 0x00000000a3f00000|  0%| F|  |TAMS 0x00000000a3e00000, 0x00000000a3e00000| Untracked 
|  33|0x00000000a3f00000, 0x00000000a3f00000, 0x00000000a4000000|  0%| F|  |TAMS 0x00000000a3f00000, 0x00000000a3f00000| Untracked 
|  34|0x00000000a4000000, 0x00000000a4000000, 0x00000000a4100000|  0%| F|  |TAMS 0x00000000a4000000, 0x00000000a4000000| Untracked 
|  35|0x00000000a4100000, 0x00000000a4100000, 0x00000000a4200000|  0%| F|  |TAMS 0x00000000a4100000, 0x00000000a4100000| Untracked 
|  36|0x00000000a4200000, 0x00000000a4200000, 0x00000000a4300000|  0%| F|  |TAMS 0x00000000a4200000, 0x00000000a4200000| Untracked 
|  37|0x00000000a4300000, 0x00000000a4300000, 0x00000000a4400000|  0%| F|  |TAMS 0x00000000a4300000, 0x00000000a4300000| Untracked 
|  38|0x00000000a4400000, 0x00000000a4400000, 0x00000000a4500000|  0%| F|  |TAMS 0x00000000a4400000, 0x00000000a4400000| Untracked 
|  39|0x00000000a4500000, 0x00000000a4500000, 0x00000000a4600000|  0%| F|  |TAMS 0x00000000a4500000, 0x00000000a4500000| Untracked 
|  40|0x00000000a4600000, 0x00000000a4600000, 0x00000000a4700000|  0%| F|  |TAMS 0x00000000a4600000, 0x00000000a4600000| Untracked 
|  41|0x00000000a4700000, 0x00000000a4700000, 0x00000000a4800000|  0%| F|  |TAMS 0x00000000a4700000, 0x00000000a4700000| Untracked 
|  42|0x00000000a4800000, 0x00000000a4800000, 0x00000000a4900000|  0%| F|  |TAMS 0x00000000a4800000, 0x00000000a4800000| Untracked 
|  43|0x00000000a4900000, 0x00000000a4900000, 0x00000000a4a00000|  0%| F|  |TAMS 0x00000000a4900000, 0x00000000a4900000| Untracked 
|  44|0x00000000a4a00000, 0x00000000a4a00000, 0x00000000a4b00000|  0%| F|  |TAMS 0x00000000a4a00000, 0x00000000a4a00000| Untracked 
|  45|0x00000000a4b00000, 0x00000000a4b00000, 0x00000000a4c00000|  0%| F|  |TAMS 0x00000000a4b00000, 0x00000000a4b00000| Untracked 
|  46|0x00000000a4c00000, 0x00000000a4c00000, 0x00000000a4d00000|  0%| F|  |TAMS 0x00000000a4c00000, 0x00000000a4c00000| Untracked 
|  47|0x00000000a4d00000, 0x00000000a4d00000, 0x00000000a4e00000|  0%| F|  |TAMS 0x00000000a4d00000, 0x00000000a4d00000| Untracked 
|  48|0x00000000a4e00000, 0x00000000a4e00000, 0x00000000a4f00000|  0%| F|  |TAMS 0x00000000a4e00000, 0x00000000a4e00000| Untracked 
|  49|0x00000000a4f00000, 0x00000000a4f00000, 0x00000000a5000000|  0%| F|  |TAMS 0x00000000a4f00000, 0x00000000a4f00000| Untracked 
|  50|0x00000000a5000000, 0x00000000a5000000, 0x00000000a5100000|  0%| F|  |TAMS 0x00000000a5000000, 0x00000000a5000000| Untracked 
|  51|0x00000000a5100000, 0x00000000a5100000, 0x00000000a5200000|  0%| F|  |TAMS 0x00000000a5100000, 0x00000000a5100000| Untracked 
|  52|0x00000000a5200000, 0x00000000a5200000, 0x00000000a5300000|  0%| F|  |TAMS 0x00000000a5200000, 0x00000000a5200000| Untracked 
|  53|0x00000000a5300000, 0x00000000a5300000, 0x00000000a5400000|  0%| F|  |TAMS 0x00000000a5300000, 0x00000000a5300000| Untracked 
|  54|0x00000000a5400000, 0x00000000a5400000, 0x00000000a5500000|  0%| F|  |TAMS 0x00000000a5400000, 0x00000000a5400000| Untracked 
|  55|0x00000000a5500000, 0x00000000a5500000, 0x00000000a5600000|  0%| F|  |TAMS 0x00000000a5500000, 0x00000000a5500000| Untracked 
|  56|0x00000000a5600000, 0x00000000a5600000, 0x00000000a5700000|  0%| F|  |TAMS 0x00000000a5600000, 0x00000000a5600000| Untracked 
|  57|0x00000000a5700000, 0x00000000a5700000, 0x00000000a5800000|  0%| F|  |TAMS 0x00000000a5700000, 0x00000000a5700000| Untracked 
|  58|0x00000000a5800000, 0x00000000a5800000, 0x00000000a5900000|  0%| F|  |TAMS 0x00000000a5800000, 0x00000000a5800000| Untracked 
|  59|0x00000000a5900000, 0x00000000a5900000, 0x00000000a5a00000|  0%| F|  |TAMS 0x00000000a5900000, 0x00000000a5900000| Untracked 
|  60|0x00000000a5a00000, 0x00000000a5a00000, 0x00000000a5b00000|  0%| F|  |TAMS 0x00000000a5a00000, 0x00000000a5a00000| Untracked 
|  61|0x00000000a5b00000, 0x00000000a5b00000, 0x00000000a5c00000|  0%| F|  |TAMS 0x00000000a5b00000, 0x00000000a5b00000| Untracked 
|  62|0x00000000a5c00000, 0x00000000a5c00000, 0x00000000a5d00000|  0%| F|  |TAMS 0x00000000a5c00000, 0x00000000a5c00000| Untracked 
|  63|0x00000000a5d00000, 0x00000000a5d00000, 0x00000000a5e00000|  0%| F|  |TAMS 0x00000000a5d00000, 0x00000000a5d00000| Untracked 
|  64|0x00000000a5e00000, 0x00000000a5e00000, 0x00000000a5f00000|  0%| F|  |TAMS 0x00000000a5e00000, 0x00000000a5e00000| Untracked 
|  65|0x00000000a5f00000, 0x00000000a5f00000, 0x00000000a6000000|  0%| F|  |TAMS 0x00000000a5f00000, 0x00000000a5f00000| Untracked 
|  66|0x00000000a6000000, 0x00000000a6000000, 0x00000000a6100000|  0%| F|  |TAMS 0x00000000a6000000, 0x00000000a6000000| Untracked 
|  67|0x00000000a6100000, 0x00000000a6100000, 0x00000000a6200000|  0%| F|  |TAMS 0x00000000a6100000, 0x00000000a6100000| Untracked 
|  68|0x00000000a6200000, 0x00000000a6200000, 0x00000000a6300000|  0%| F|  |TAMS 0x00000000a6200000, 0x00000000a6200000| Untracked 
|  69|0x00000000a6300000, 0x00000000a6300000, 0x00000000a6400000|  0%| F|  |TAMS 0x00000000a6300000, 0x00000000a6300000| Untracked 
|  70|0x00000000a6400000, 0x00000000a6400000, 0x00000000a6500000|  0%| F|  |TAMS 0x00000000a6400000, 0x00000000a6400000| Untracked 
|  71|0x00000000a6500000, 0x00000000a6500000, 0x00000000a6600000|  0%| F|  |TAMS 0x00000000a6500000, 0x00000000a6500000| Untracked 
|  72|0x00000000a6600000, 0x00000000a6600000, 0x00000000a6700000|  0%| F|  |TAMS 0x00000000a6600000, 0x00000000a6600000| Untracked 
|  73|0x00000000a6700000, 0x00000000a6700000, 0x00000000a6800000|  0%| F|  |TAMS 0x00000000a6700000, 0x00000000a6700000| Untracked 
|  74|0x00000000a6800000, 0x00000000a6800000, 0x00000000a6900000|  0%| F|  |TAMS 0x00000000a6800000, 0x00000000a6800000| Untracked 
|  75|0x00000000a6900000, 0x00000000a6900000, 0x00000000a6a00000|  0%| F|  |TAMS 0x00000000a6900000, 0x00000000a6900000| Untracked 
|  76|0x00000000a6a00000, 0x00000000a6a00000, 0x00000000a6b00000|  0%| F|  |TAMS 0x00000000a6a00000, 0x00000000a6a00000| Untracked 
|  77|0x00000000a6b00000, 0x00000000a6b00000, 0x00000000a6c00000|  0%| F|  |TAMS 0x00000000a6b00000, 0x00000000a6b00000| Untracked 
|  78|0x00000000a6c00000, 0x00000000a6c00000, 0x00000000a6d00000|  0%| F|  |TAMS 0x00000000a6c00000, 0x00000000a6c00000| Untracked 
|  79|0x00000000a6d00000, 0x00000000a6d00000, 0x00000000a6e00000|  0%| F|  |TAMS 0x00000000a6d00000, 0x00000000a6d00000| Untracked 
|  80|0x00000000a6e00000, 0x00000000a6e00000, 0x00000000a6f00000|  0%| F|  |TAMS 0x00000000a6e00000, 0x00000000a6e00000| Untracked 
|  81|0x00000000a6f00000, 0x00000000a6f00000, 0x00000000a7000000|  0%| F|  |TAMS 0x00000000a6f00000, 0x00000000a6f00000| Untracked 
|  82|0x00000000a7000000, 0x00000000a7000000, 0x00000000a7100000|  0%| F|  |TAMS 0x00000000a7000000, 0x00000000a7000000| Untracked 
|  83|0x00000000a7100000, 0x00000000a717ed18, 0x00000000a7200000| 49%| E|  |TAMS 0x00000000a7100000, 0x00000000a7100000| Complete 
|  84|0x00000000a7200000, 0x00000000a7300000, 0x00000000a7300000|100%| E|CS|TAMS 0x00000000a7200000, 0x00000000a7200000| Complete 
|  85|0x00000000a7300000, 0x00000000a7400000, 0x00000000a7400000|100%| E|CS|TAMS 0x00000000a7300000, 0x00000000a7300000| Complete 
|  86|0x00000000a7400000, 0x00000000a7500000, 0x00000000a7500000|100%| E|CS|TAMS 0x00000000a7400000, 0x00000000a7400000| Complete 
|  87|0x00000000a7500000, 0x00000000a7600000, 0x00000000a7600000|100%| E|CS|TAMS 0x00000000a7500000, 0x00000000a7500000| Complete 
|  88|0x00000000a7600000, 0x00000000a7700000, 0x00000000a7700000|100%| E|CS|TAMS 0x00000000a7600000, 0x00000000a7600000| Complete 
|  89|0x00000000a7700000, 0x00000000a7800000, 0x00000000a7800000|100%| E|CS|TAMS 0x00000000a7700000, 0x00000000a7700000| Complete 
|  90|0x00000000a7800000, 0x00000000a7900000, 0x00000000a7900000|100%| E|CS|TAMS 0x00000000a7800000, 0x00000000a7800000| Complete 
|  91|0x00000000a7900000, 0x00000000a7a00000, 0x00000000a7a00000|100%| E|CS|TAMS 0x00000000a7900000, 0x00000000a7900000| Complete 
|  92|0x00000000a7a00000, 0x00000000a7b00000, 0x00000000a7b00000|100%| E|CS|TAMS 0x00000000a7a00000, 0x00000000a7a00000| Complete 
|  93|0x00000000a7b00000, 0x00000000a7c00000, 0x00000000a7c00000|100%| E|CS|TAMS 0x00000000a7b00000, 0x00000000a7b00000| Complete 
|  94|0x00000000a7c00000, 0x00000000a7d00000, 0x00000000a7d00000|100%| E|CS|TAMS 0x00000000a7c00000, 0x00000000a7c00000| Complete 
|  95|0x00000000a7d00000, 0x00000000a7e00000, 0x00000000a7e00000|100%| E|CS|TAMS 0x00000000a7d00000, 0x00000000a7d00000| Complete 

Card table byte_map: [0x0000020d973d0000,0x0000020d976d0000] _byte_map_base: 0x0000020d96ec1000

Marking Bits (Prev, Next): (CMBitMap*) 0x0000020d8276e270, (CMBitMap*) 0x0000020d8276e2b0
 Prev Bits: [0x0000020d979d0000, 0x0000020d99158000)
 Next Bits: [0x0000020d99160000, 0x0000020d9a8e8000)

Polling page: 0x0000020d827d0000

Metaspace:

Usage:
  Non-class:     13.39 MB used.
      Class:      1.56 MB used.
       Both:     14.95 MB used.

Virtual space:
  Non-class space:       64.00 MB reserved,      13.50 MB ( 21%) committed,  1 nodes.
      Class space:        1.00 GB reserved,       1.69 MB ( <1%) committed,  1 nodes.
             Both:        1.06 GB reserved,      15.19 MB (  1%) committed. 

Chunk freelists:
   Non-Class:  2.53 MB
       Class:  14.23 MB
        Both:  16.77 MB

MaxMetaspaceSize: unlimited
CompressedClassSpaceSize: 1.00 GB
Initial GC threshold: 21.00 MB
Current GC threshold: 21.00 MB
CDS: off
MetaspaceReclaimPolicy: balanced
 - commit_granule_bytes: 65536.
 - commit_granule_words: 8192.
 - virtual_space_node_default_size: 8388608.
 - enlarge_chunks_in_place: 1.
 - new_chunks_are_fully_committed: 0.
 - uncommit_free_chunks: 1.
 - use_allocation_guard: 0.
 - handle_deallocations: 1.


Internal statistics:

num_allocs_failed_limit: 0.
num_arena_births: 120.
num_arena_deaths: 0.
num_vsnodes_births: 2.
num_vsnodes_deaths: 0.
num_space_committed: 243.
num_space_uncommitted: 0.
num_chunks_returned_to_freelist: 0.
num_chunks_taken_from_freelist: 244.
num_chunk_merges: 0.
num_chunk_splits: 146.
num_chunks_enlarged: 93.
num_inconsistent_stats: 0.

CodeHeap 'non-profiled nmethods': size=120000Kb used=279Kb max_used=279Kb free=119720Kb
 bounds [0x0000020d8f130000, 0x0000020d8f3a0000, 0x0000020d96660000]
CodeHeap 'profiled nmethods': size=120000Kb used=1509Kb max_used=1509Kb free=118490Kb
 bounds [0x0000020d87660000, 0x0000020d878d0000, 0x0000020d8eb90000]
CodeHeap 'non-nmethods': size=5760Kb used=1184Kb max_used=1199Kb free=4575Kb
 bounds [0x0000020d8eb90000, 0x0000020d8ee00000, 0x0000020d8f130000]
 total_blobs=1437 nmethods=959 adapters=391
 compilation: enabled
              stopped_count=0, restarted_count=0
 full_count=0

Compilation events (20 events):
Event: 0.898 Thread 0x0000020d9d65d7b0  893       3       java.util.LinkedList$ListItr::hasNext (20 bytes)
Event: 0.899 Thread 0x0000020d9d65d7b0 nmethod 893 0x0000020d877b7710 code [0x0000020d877b78a0, 0x0000020d877b7a18]
Event: 0.899 Thread 0x0000020d9d65d7b0  894       3       java.lang.Enum::hashCode (5 bytes)
Event: 0.899 Thread 0x0000020d9d65d7b0 nmethod 894 0x0000020d877b7b10 code [0x0000020d877b7ca0, 0x0000020d877b7de8]
Event: 0.901 Thread 0x0000020d9d65d7b0  895       3       java.lang.String::concat (15 bytes)
Event: 0.902 Thread 0x0000020d9d65cd00 nmethod 889 0x0000020d8f172690 code [0x0000020d8f172840, 0x0000020d8f172b88]
Event: 0.902 Thread 0x0000020d9d65cd00  901   !   4       java.util.concurrent.ConcurrentHashMap::putVal (432 bytes)
Event: 0.903 Thread 0x0000020d9d65d7b0 nmethod 895 0x0000020d877b7e90 code [0x0000020d877b81e0, 0x0000020d877b9728]
Event: 0.903 Thread 0x0000020d9d65d7b0  896       3       java.nio.HeapByteBuffer::getLong (30 bytes)
Event: 0.904 Thread 0x0000020d9d65d7b0 nmethod 896 0x0000020d877b9e90 code [0x0000020d877ba0e0, 0x0000020d877baa88]
Event: 0.904 Thread 0x0000020d9d65d7b0  897   !   3       jdk.internal.misc.ScopedMemoryAccess::getLongUnaligned (22 bytes)
Event: 0.904 Thread 0x0000020d9d65d7b0 nmethod 897 0x0000020d877bae90 code [0x0000020d877bb080, 0x0000020d877bb648]
Event: 0.905 Thread 0x0000020d9d65d7b0  898   !   3       jdk.internal.misc.ScopedMemoryAccess::getLongUnalignedInternal (38 bytes)
Event: 0.905 Thread 0x0000020d9d65d7b0 nmethod 898 0x0000020d877bb910 code [0x0000020d877bbae0, 0x0000020d877bbe78]
Event: 0.905 Thread 0x0000020d9d65d7b0  899       3       jdk.internal.misc.Unsafe::getLongUnaligned (12 bytes)
Event: 0.905 Thread 0x0000020d9d65d7b0 nmethod 899 0x0000020d877bc090 code [0x0000020d877bc240, 0x0000020d877bc428]
Event: 0.905 Thread 0x0000020d9d65d7b0  900       3       jdk.internal.misc.Unsafe::convEndian (16 bytes)
Event: 0.905 Thread 0x0000020d9d65d7b0 nmethod 900 0x0000020d877bc510 code [0x0000020d877bc6c0, 0x0000020d877bc828]
Event: 0.905 Thread 0x0000020d9d65d7b0  903       3       jdk.internal.misc.Unsafe::putIntUnaligned (14 bytes)
Event: 0.905 Thread 0x0000020d9d65d7b0 nmethod 903 0x0000020d877bc910 code [0x0000020d877bcac0, 0x0000020d877bcd18]

GC Heap History (0 events):
No events

Dll operation events (1 events):
Event: 0.015 Loaded shared library C:\Users\macko\AppData\Local\Programs\Rider\jbr\bin\java.dll

Deoptimization events (14 events):
Event: 0.502 Thread 0x0000020d82722e50 DEOPT PACKING pc=0x0000020d8768c0ad sp=0x00000011205fdb70
Event: 0.502 Thread 0x0000020d82722e50 DEOPT UNPACKING pc=0x0000020d8ebe7143 sp=0x00000011205fd008 mode 0
Event: 0.555 Thread 0x0000020d82722e50 Uncommon trap: trap_request=0xffffff45 fr.pc=0x0000020d8f14e474 relative=0x0000000000000074
Event: 0.555 Thread 0x0000020d82722e50 Uncommon trap: reason=unstable_if action=reinterpret pc=0x0000020d8f14e474 method=jdk.internal.misc.Unsafe.convEndian(ZI)I @ 4 c2
Event: 0.555 Thread 0x0000020d82722e50 DEOPT PACKING pc=0x0000020d8f14e474 sp=0x00000011205fdb30
Event: 0.555 Thread 0x0000020d82722e50 DEOPT UNPACKING pc=0x0000020d8ebe69a3 sp=0x00000011205fda60 mode 2
Event: 0.709 Thread 0x0000020d82722e50 DEOPT PACKING pc=0x0000020d87675a67 sp=0x00000011205fde30
Event: 0.709 Thread 0x0000020d82722e50 DEOPT UNPACKING pc=0x0000020d8ebe7143 sp=0x00000011205fd250 mode 0
Event: 0.737 Thread 0x0000020d82722e50 Uncommon trap: trap_request=0xffffff45 fr.pc=0x0000020d8f14d070 relative=0x00000000000003d0
Event: 0.737 Thread 0x0000020d82722e50 Uncommon trap: reason=unstable_if action=reinterpret pc=0x0000020d8f14d070 method=java.lang.StringLatin1.newString([BII)Ljava/lang/String; @ 1 c2
Event: 0.737 Thread 0x0000020d82722e50 DEOPT PACKING pc=0x0000020d8f14d070 sp=0x00000011205fe320
Event: 0.737 Thread 0x0000020d82722e50 DEOPT UNPACKING pc=0x0000020d8ebe69a3 sp=0x00000011205fe2e8 mode 2
Event: 0.795 Thread 0x0000020d82722e50 DEOPT PACKING pc=0x0000020d87674dd1 sp=0x00000011205f9f00
Event: 0.795 Thread 0x0000020d82722e50 DEOPT UNPACKING pc=0x0000020d8ebe7143 sp=0x00000011205f9378 mode 0

Classes unloaded (0 events):
No events

Classes redefined (0 events):
No events

Internal exceptions (20 events):
Event: 0.373 Thread 0x0000020d82722e50 Exception <a 'java/lang/NoSuchMethodError'{0x00000000a7a24b30}: 'void java.lang.invoke.DirectMethodHandle$Holder.invokeStaticInit(java.lang.Object, java.lang.Object)'> (0x00000000a7a24b30) 
thrown [s\src\hotspot\share\interpreter\linkResolver.cpp, line 771]
Event: 0.375 Thread 0x0000020d82722e50 Exception <a 'java/lang/NoSuchMethodError'{0x00000000a7a2b3a8}: 'int java.lang.invoke.DirectMethodHandle$Holder.invokeStaticInit(java.lang.Object, java.lang.Object)'> (0x00000000a7a2b3a8) 
thrown [s\src\hotspot\share\interpreter\linkResolver.cpp, line 771]
Event: 0.426 Thread 0x0000020d82722e50 Exception <a 'java/lang/NoSuchMethodError'{0x00000000a7912260}: 'java.lang.Object java.lang.invoke.DirectMethodHandle$Holder.invokeStaticInit(java.lang.Object, int, int, int, int)'> (0x00000000a7912260) 
thrown [s\src\hotspot\share\interpreter\linkResolver.cpp, line 771]
Event: 0.551 Thread 0x0000020d82722e50 Exception <a 'java/lang/NoSuchMethodError'{0x00000000a79c27e8}: 'java.lang.Object java.lang.invoke.DirectMethodHandle$Holder.invokeStaticInit(java.lang.Object, java.lang.Object, int, int, int, int)'> (0x00000000a79c27e8) 
thrown [s\src\hotspot\share\interpreter\linkResolver.cpp, line 771]
Event: 0.566 Thread 0x0000020d82722e50 Exception <a 'java/lang/NoSuchMethodError'{0x00000000a782bb90}: 'java.lang.Object java.lang.invoke.DirectMethodHandle$Holder.invokeStatic(java.lang.Object, java.lang.Object, int)'> (0x00000000a782bb90) 
thrown [s\src\hotspot\share\interpreter\linkResolver.cpp, line 771]
Event: 0.566 Thread 0x0000020d82722e50 Exception <a 'java/lang/NoSuchMethodError'{0x00000000a782f308}: 'java.lang.Object java.lang.invoke.DirectMethodHandle$Holder.invokeStaticInit(java.lang.Object, java.lang.Object, int)'> (0x00000000a782f308) 
thrown [s\src\hotspot\share\interpreter\linkResolver.cpp, line 771]
Event: 0.567 Thread 0x0000020d82722e50 Exception <a 'java/lang/NoSuchMethodError'{0x00000000a78356b8}: 'java.lang.Object java.lang.invoke.DirectMethodHandle$Holder.newInvokeSpecial(java.lang.Object, java.lang.Object, int)'> (0x00000000a78356b8) 
thrown [s\src\hotspot\share\interpreter\linkResolver.cpp, line 771]
Event: 0.571 Thread 0x0000020d82722e50 Exception <a 'java/lang/NoSuchMethodError'{0x00000000a7844dc0}: 'int java.lang.invoke.DirectMethodHandle$Holder.invokeStaticInit(java.lang.Object, java.lang.Object, java.lang.Object)'> (0x00000000a7844dc0) 
thrown [s\src\hotspot\share\interpreter\linkResolver.cpp, line 771]
Event: 0.573 Thread 0x0000020d82722e50 Exception <a 'java/lang/NoSuchMethodError'{0x00000000a7854fa0}: 'int java.lang.invoke.DirectMethodHandle$Holder.invokeSpecial(java.lang.Object, java.lang.Object, java.lang.Object)'> (0x00000000a7854fa0) 
thrown [s\src\hotspot\share\interpreter\linkResolver.cpp, line 771]
Event: 0.575 Thread 0x0000020d82722e50 Exception <a 'java/lang/NoSuchMethodError'{0x00000000a785d380}: 'int java.lang.invoke.DirectMethodHandle$Holder.invokeSpecialIFC(java.lang.Object, java.lang.Object, java.lang.Object)'> (0x00000000a785d380) 
thrown [s\src\hotspot\share\interpreter\linkResolver.cpp, line 771]
Event: 0.618 Thread 0x0000020d82722e50 Exception <a 'java/lang/NoSuchMethodError'{0x00000000a78e95f8}: 'java.lang.Object java.lang.invoke.DirectMethodHandle$Holder.invokeStaticInit(java.lang.Object)'> (0x00000000a78e95f8) 
thrown [s\src\hotspot\share\interpreter\linkResolver.cpp, line 771]
Event: 0.755 Thread 0x0000020d82722e50 Exception <a 'java/lang/NoSuchMethodError'{0x00000000a76503a0}: 'java.lang.Object java.lang.invoke.DirectMethodHandle$Holder.newInvokeSpecial(java.lang.Object, java.lang.Object, java.lang.Object, java.lang.Object, java.lang.Object)'> (0x00000000a76503a0) 
thrown [s\src\hotspot\share\interpreter\linkResolver.cpp, line 771]
Event: 0.811 Thread 0x0000020d82722e50 Exception <a 'java/lang/NoSuchMethodError'{0x00000000a7452da0}: 'java.lang.Object java.lang.invoke.DirectMethodHandle$Holder.invokeSpecial(java.lang.Object, java.lang.Object, java.lang.Object, java.lang.Object, int)'> (0x00000000a7452da0) 
thrown [s\src\hotspot\share\interpreter\linkResolver.cpp, line 771]
Event: 0.812 Thread 0x0000020d82722e50 Exception <a 'java/lang/NoSuchMethodError'{0x00000000a7456968}: 'java.lang.Object java.lang.invoke.Invokers$Holder.linkToTargetMethod(java.lang.Object, java.lang.Object, int, java.lang.Object)'> (0x00000000a7456968) 
thrown [s\src\hotspot\share\interpreter\linkResolver.cpp, line 771]
Event: 0.824 Thread 0x0000020d82722e50 Exception <a 'java/lang/NoSuchMethodError'{0x00000000a74b6f88}: 'void java.lang.invoke.DirectMethodHandle$Holder.invokeSpecial(java.lang.Object, java.lang.Object, java.lang.Object)'> (0x00000000a74b6f88) 
thrown [s\src\hotspot\share\interpreter\linkResolver.cpp, line 771]
Event: 0.845 Thread 0x0000020d82722e50 Exception <a 'java/lang/NoSuchMethodError'{0x00000000a733d970}: 'void java.lang.invoke.DirectMethodHandle$Holder.invokeSpecial(java.lang.Object, java.lang.Object, java.lang.Object, java.lang.Object, java.lang.Object)'> (0x00000000a733d970) 
thrown [s\src\hotspot\share\interpreter\linkResolver.cpp, line 771]
Event: 0.845 Thread 0x0000020da227d460 Exception <a 'java/lang/NoSuchMethodError'{0x00000000a76a05b0}: 'void java.lang.invoke.DirectMethodHandle$Holder.invokeStatic(java.lang.Object, java.lang.Object, int)'> (0x00000000a76a05b0) 
thrown [s\src\hotspot\share\interpreter\linkResolver.cpp, line 771]
Event: 0.854 Thread 0x0000020da2285c40 Exception <a 'java/lang/NoSuchMethodError'{0x00000000a739a288}: 'void java.lang.invoke.DirectMethodHandle$Holder.invokeInterface(java.lang.Object, java.lang.Object, java.lang.Object)'> (0x00000000a739a288) 
thrown [s\src\hotspot\share\interpreter\linkResolver.cpp, line 771]
Event: 0.857 Thread 0x0000020da2285c40 Exception <a 'java/lang/NoSuchMethodError'{0x00000000a73b0770}: 'int java.lang.invoke.DirectMethodHandle$Holder.invokeStaticInit(java.lang.Object, int, int)'> (0x00000000a73b0770) 
thrown [s\src\hotspot\share\interpreter\linkResolver.cpp, line 771]
Event: 0.865 Thread 0x0000020da2285c40 Exception <a 'java/lang/NoSuchMethodError'{0x00000000a73f34d8}: 'void java.lang.invoke.DirectMethodHandle$Holder.invokeVirtual(java.lang.Object, java.lang.Object)'> (0x00000000a73f34d8) 
thrown [s\src\hotspot\share\interpreter\linkResolver.cpp, line 771]

VM Operations (8 events):
Event: 0.184 Executing VM operation: HandshakeAllThreads
Event: 0.184 Executing VM operation: HandshakeAllThreads done
Event: 0.204 Executing VM operation: HandshakeAllThreads
Event: 0.204 Executing VM operation: HandshakeAllThreads done
Event: 0.447 Executing VM operation: HandshakeAllThreads
Event: 0.447 Executing VM operation: HandshakeAllThreads done
Event: 0.624 Executing VM operation: HandshakeAllThreads
Event: 0.624 Executing VM operation: HandshakeAllThreads done

Events (20 events):
Event: 0.900 loading class sun/security/ssl/ECDHKeyExchange
Event: 0.900 loading class sun/security/ssl/ECDHKeyExchange done
Event: 0.900 loading class sun/security/ssl/ECDHKeyExchange$ECDHEPossessionGenerator
Event: 0.900 loading class sun/security/ssl/ECDHKeyExchange$ECDHEPossessionGenerator done
Event: 0.900 loading class sun/security/ssl/ECDHKeyExchange$ECDHKAGenerator
Event: 0.901 loading class sun/security/ssl/ECDHKeyExchange$ECDHKAGenerator done
Event: 0.901 loading class sun/security/ssl/ECDHKeyExchange$ECDHEKAGenerator
Event: 0.901 loading class sun/security/ssl/ECDHKeyExchange$ECDHEKAGenerator done
Event: 0.901 loading class sun/security/ssl/ECDHKeyExchange$ECDHEXDHKAGenerator
Event: 0.901 loading class sun/security/ssl/ECDHKeyExchange$ECDHEXDHKAGenerator done
Event: 0.901 loading class sun/security/ssl/XDHKeyExchange$XDHEPossession
Event: 0.901 loading class sun/security/ssl/XDHKeyExchange$XDHEPossession done
Event: 0.904 loading class sun/security/jca/JCAUtil
Event: 0.904 loading class sun/security/jca/JCAUtil done
Event: 0.904 loading class sun/security/jca/JCAUtil$CachedSecureRandomHolder
Event: 0.904 loading class sun/security/jca/JCAUtil$CachedSecureRandomHolder done
Event: 0.905 loading class sun/security/util/math/intpoly/IntegerPolynomial$MutableElement
Event: 0.905 loading class sun/security/util/math/MutableIntegerModuloP
Event: 0.905 loading class sun/security/util/math/MutableIntegerModuloP done
Event: 0.905 loading class sun/security/util/math/intpoly/IntegerPolynomial$MutableElement done


Dynamic libraries:
0x00007ff6c7760000 - 0x00007ff6c776a000 	C:\Users\macko\AppData\Local\Programs\Rider\jbr\bin\java.exe
0x00007ffaf0150000 - 0x00007ffaf0367000 	C:\WINDOWS\SYSTEM32\ntdll.dll
0x00007ffac2db0000 - 0x00007ffac2dca000 	C:\Program Files\Avast Software\Avast\aswhook.dll
0x00007ffaeeee0000 - 0x00007ffaeefa4000 	C:\WINDOWS\System32\KERNEL32.DLL
0x00007ffaed580000 - 0x00007ffaed937000 	C:\WINDOWS\System32\KERNELBASE.dll
0x00007ffaed460000 - 0x00007ffaed571000 	C:\WINDOWS\System32\ucrtbase.dll
0x00007ffaa85e0000 - 0x00007ffaa85fb000 	C:\Users\macko\AppData\Local\Programs\Rider\jbr\bin\VCRUNTIME140.dll
0x00007ffaba7b0000 - 0x00007ffaba7c7000 	C:\Users\macko\AppData\Local\Programs\Rider\jbr\bin\jli.dll
0x00007ffaee370000 - 0x00007ffaee51f000 	C:\WINDOWS\System32\USER32.dll
0x00007ffada6d0000 - 0x00007ffada963000 	C:\WINDOWS\WinSxS\amd64_microsoft.windows.common-controls_6595b64144ccf1df_6.0.22621.3672_none_2713b9d173822955\COMCTL32.dll
0x00007ffaed9e0000 - 0x00007ffaeda06000 	C:\WINDOWS\System32\win32u.dll
0x00007ffaeedd0000 - 0x00007ffaeee77000 	C:\WINDOWS\System32\msvcrt.dll
0x00007ffaeed90000 - 0x00007ffaeedb9000 	C:\WINDOWS\System32\GDI32.dll
0x00007ffaedcf0000 - 0x00007ffaede08000 	C:\WINDOWS\System32\gdi32full.dll
0x00007ffaed940000 - 0x00007ffaed9da000 	C:\WINDOWS\System32\msvcp_win.dll
0x00007ffaeee80000 - 0x00007ffaeeeb1000 	C:\WINDOWS\System32\IMM32.DLL
0x00007ffadb8b0000 - 0x00007ffadb8bc000 	C:\Users\macko\AppData\Local\Programs\Rider\jbr\bin\vcruntime140_1.dll
0x00007ffa8b490000 - 0x00007ffa8b51d000 	C:\Users\macko\AppData\Local\Programs\Rider\jbr\bin\msvcp140.dll
0x00007ffa9cd50000 - 0x00007ffa9d9d2000 	C:\Users\macko\AppData\Local\Programs\Rider\jbr\bin\server\jvm.dll
0x00007ffaefb10000 - 0x00007ffaefbc2000 	C:\WINDOWS\System32\ADVAPI32.dll
0x00007ffaf0060000 - 0x00007ffaf0108000 	C:\WINDOWS\System32\sechost.dll
0x00007ffaedb50000 - 0x00007ffaedb78000 	C:\WINDOWS\System32\bcrypt.dll
0x00007ffaeff40000 - 0x00007ffaf0054000 	C:\WINDOWS\System32\RPCRT4.dll
0x00007ffae1cb0000 - 0x00007ffae1cb9000 	C:\WINDOWS\SYSTEM32\WSOCK32.dll
0x00007ffae8db0000 - 0x00007ffae8de4000 	C:\WINDOWS\SYSTEM32\WINMM.dll
0x00007ffae3d00000 - 0x00007ffae3d0a000 	C:\WINDOWS\SYSTEM32\VERSION.dll
0x00007ffaee160000 - 0x00007ffaee1d1000 	C:\WINDOWS\System32\WS2_32.dll
0x00007ffaed330000 - 0x00007ffaed37d000 	C:\WINDOWS\SYSTEM32\POWRPROF.dll
0x00007ffaed310000 - 0x00007ffaed323000 	C:\WINDOWS\SYSTEM32\UMPDC.dll
0x00007ffaec480000 - 0x00007ffaec498000 	C:\WINDOWS\SYSTEM32\kernel.appcore.dll
0x00007ffae8f80000 - 0x00007ffae8f8a000 	C:\Users\macko\AppData\Local\Programs\Rider\jbr\bin\jimage.dll
0x00007ffaeae70000 - 0x00007ffaeb0a2000 	C:\WINDOWS\SYSTEM32\DBGHELP.DLL
0x00007ffaef780000 - 0x00007ffaefb0e000 	C:\WINDOWS\System32\combase.dll
0x00007ffaedea0000 - 0x00007ffaedf77000 	C:\WINDOWS\System32\OLEAUT32.dll
0x00007ffae5180000 - 0x00007ffae51b2000 	C:\WINDOWS\SYSTEM32\dbgcore.DLL
0x00007ffaedad0000 - 0x00007ffaedb4b000 	C:\WINDOWS\System32\bcryptPrimitives.dll
0x00007ffad9ac0000 - 0x00007ffad9ae5000 	C:\Users\macko\AppData\Local\Programs\Rider\jbr\bin\java.dll
0x00007ffae8f60000 - 0x00007ffae8f78000 	C:\Users\macko\AppData\Local\Programs\Rider\jbr\bin\zip.dll
0x00007ffaee520000 - 0x00007ffaeed89000 	C:\WINDOWS\System32\SHELL32.dll
0x00007ffaeb380000 - 0x00007ffaebc7f000 	C:\WINDOWS\SYSTEM32\windows.storage.dll
0x00007ffaeb240000 - 0x00007ffaeb37f000 	C:\WINDOWS\SYSTEM32\wintypes.dll
0x00007ffaee270000 - 0x00007ffaee369000 	C:\WINDOWS\System32\SHCORE.dll
0x00007ffaeefb0000 - 0x00007ffaef00e000 	C:\WINDOWS\System32\shlwapi.dll
0x00007ffaed390000 - 0x00007ffaed3b7000 	C:\WINDOWS\SYSTEM32\profapi.dll
0x00007ffad9aa0000 - 0x00007ffad9ab9000 	C:\Users\macko\AppData\Local\Programs\Rider\jbr\bin\net.dll
0x00007ffae9270000 - 0x00007ffae93a6000 	C:\WINDOWS\SYSTEM32\WINHTTP.dll
0x00007ffaec8f0000 - 0x00007ffaec959000 	C:\WINDOWS\system32\mswsock.dll
0x00007ffaba7d0000 - 0x00007ffaba7e6000 	C:\Users\macko\AppData\Local\Programs\Rider\jbr\bin\nio.dll
0x00007ffaecb70000 - 0x00007ffaecb8b000 	C:\WINDOWS\SYSTEM32\CRYPTSP.dll
0x00007ffaec3e0000 - 0x00007ffaec415000 	C:\WINDOWS\system32\rsaenh.dll
0x00007ffaec9f0000 - 0x00007ffaeca18000 	C:\WINDOWS\SYSTEM32\USERENV.dll
0x00007ffaecb90000 - 0x00007ffaecb9c000 	C:\WINDOWS\SYSTEM32\CRYPTBASE.dll
0x00007ffaebee0000 - 0x00007ffaebf0d000 	C:\WINDOWS\SYSTEM32\IPHLPAPI.DLL
0x00007ffaee0e0000 - 0x00007ffaee0e9000 	C:\WINDOWS\System32\NSI.dll
0x00007ffae91d0000 - 0x00007ffae91e9000 	C:\WINDOWS\SYSTEM32\dhcpcsvc6.DLL
0x00007ffae9110000 - 0x00007ffae912f000 	C:\WINDOWS\SYSTEM32\dhcpcsvc.DLL
0x00007ffaebf50000 - 0x00007ffaec052000 	C:\WINDOWS\SYSTEM32\DNSAPI.dll
0x00007ffadab60000 - 0x00007ffadab6e000 	C:\Users\macko\AppData\Local\Programs\Rider\jbr\bin\sunmscapi.dll
0x00007ffaedb80000 - 0x00007ffaedce6000 	C:\WINDOWS\System32\CRYPT32.dll
0x00007ffaecd30000 - 0x00007ffaecd5d000 	C:\WINDOWS\SYSTEM32\ncrypt.dll
0x00007ffaeccf0000 - 0x00007ffaecd27000 	C:\WINDOWS\SYSTEM32\NTASN1.dll
0x00007ffa85550000 - 0x00007ffa85558000 	C:\WINDOWS\system32\wshunix.dll

dbghelp: loaded successfully - version: 4.0.5 - missing functions: none
symbol engine: initialized successfully - sym options: 0x614 - pdb path: .;C:\Users\macko\AppData\Local\Programs\Rider\jbr\bin;C:\WINDOWS\SYSTEM32;C:\Program Files\Avast Software\Avast;C:\WINDOWS\WinSxS\amd64_microsoft.windows.common-controls_6595b64144ccf1df_6.0.22621.3672_none_2713b9d173822955;C:\Users\macko\AppData\Local\Programs\Rider\jbr\bin\server

VM Arguments:
java_command: git4idea.http.GitAskPassApp Username for 'https://github.com': 
java_class_path (initial): C:/Users/macko/AppData/Local/Programs/Rider/plugins/vcs-git/lib/git4idea-rt.jar;C:/Users/macko/AppData/Local/Programs/Rider/lib/externalProcess-rt.jar
Launcher Type: SUN_STANDARD

[Global flags]
     intx CICompilerCount                          = 4                                         {product} {ergonomic}
     uint ConcGCThreads                            = 2                                         {product} {ergonomic}
     uint G1ConcRefinementThreads                  = 8                                         {product} {ergonomic}
   size_t G1HeapRegionSize                         = 1048576                                   {product} {ergonomic}
    uintx GCDrainStackTargetSize                   = 64                                        {product} {ergonomic}
   size_t InitialHeapSize                          = 100663296                                 {product} {ergonomic}
   size_t MarkStackSize                            = 4194304                                   {product} {ergonomic}
   size_t MaxHeapSize                              = 1579155456                                {product} {ergonomic}
   size_t MaxNewSize                               = 946864128                                 {product} {ergonomic}
   size_t MinHeapDeltaBytes                        = 1048576                                   {product} {ergonomic}
   size_t MinHeapSize                              = 8388608                                   {product} {ergonomic}
    uintx NonNMethodCodeHeapSize                   = 5839372                                {pd product} {ergonomic}
    uintx NonProfiledCodeHeapSize                  = 122909434                              {pd product} {ergonomic}
    uintx ProfiledCodeHeapSize                     = 122909434                              {pd product} {ergonomic}
    uintx ReservedCodeCacheSize                    = 251658240                              {pd product} {ergonomic}
     bool SegmentedCodeCache                       = true                                      {product} {ergonomic}
   size_t SoftMaxHeapSize                          = 1579155456                             {manageable} {ergonomic}
     bool UseCompressedClassPointers               = true                           {product lp64_product} {ergonomic}
     bool UseCompressedOops                        = true                           {product lp64_product} {ergonomic}
     bool UseG1GC                                  = true                                      {product} {ergonomic}
     bool UseLargePagesIndividualAllocation        = false                                  {pd product} {ergonomic}

Logging:
Log output configuration:
 #0: stdout all=warning uptime,level,tags
 #1: stderr all=off uptime,level,tags

Environment Variables:
JAVA_HOME=C:\Program Files\Java\jdk-15.0.1
PATH=C:\Program Files\Git\mingw64\libexec\git-core;C:\Program Files\Git\mingw64\libexec\git-core;C:\Program Files\Git\mingw64\bin;C:\Program Files\Git\usr\bin;C:\Users\macko\bin;C:\Program Files\Common Files\Oracle\Java\javapath;C:\Program Files (x86)\Common Files\Oracle\Java\javapath;C:\WINDOWS\system32;C:\WINDOWS;C:\WINDOWS\System32\Wbem;C:\WINDOWS\System32\WindowsPowerShell\v1.0;C:\WINDOWS\System32\OpenSSH;C:\tools\maven\apache-maven-3.6.3\bin;C:\Program Files\Git\cmd;C:\Program Files\dotnet;C:\Program Files\nodejs;C:\Program Files\Docker\Docker\resources\bin;C:\Program Files\MySQL\MySQL Shell 8.0\bin;C:\Users\macko\AppData\Local\Microsoft\WindowsApps;C:\Program Files\Java\jdk-15.0.1\bin;C:\Users\macko\AppData\Local\GitHubDesktop\bin;C:\Users\macko\AppData\Local\Programs\Microsoft VS Code\bin;C:\Users\macko\AppData\Roaming\npm;C:\Users\macko\.dotnet\tools;C:\Users\macko\AppData\Local\JetBrains\Toolbox\scripts;C:\Users\macko\AppData\Local\Programs\Azure Data Studio\bin
USERNAME=macko
DISPLAY=:0.0
LC_ALL=en_US.UTF-8
TERM=xterm-256color
TMPDIR=C:\Users\macko\AppData\Local\Temp
OS=Windows_NT
PROCESSOR_IDENTIFIER=AMD64 Family 23 Model 24 Stepping 1, AuthenticAMD
TMP=C:\Users\macko\AppData\Local\Temp
TEMP=C:\Users\macko\AppData\Local\Temp



Periodic native trim disabled

JNI global refs:
JNI global refs: 20, weak refs: 0

JNI global refs memory usage: 843, weak refs: 841

OOME stack traces (most recent first):
Classloader memory used:
Loader bootstrap                                                                       : 1732K
Loader jdk.internal.loader.ClassLoaders$PlatformClassLoader                            : 178K
Loader jdk.internal.loader.ClassLoaders$AppClassLoader                                 : 1808B


---------------  S Y S T E M  ---------------

OS:
 Windows 11 , 64 bit Build 22621 (10.0.22621.3958)
OS uptime: 1 days 16:42 hours
Hyper-V role detected

CPU: total 8 (initial active 8) (8 cores per cpu, 2 threads per core) family 23 model 24 stepping 1 microcode 0x0, cx8, cmov, fxsr, ht, mmx, 3dnowpref, sse, sse2, sse3, ssse3, sse4a, sse4.1, sse4.2, popcnt, lzcnt, tsc, tscinvbit, avx, avx2, aes, clmul, bmi1, bmi2, adx, sha, fma, vzeroupper, clflush, clflushopt, hv
Processor Information for all 8 processors :
  Max Mhz: 2100, Current Mhz: 2100, Mhz Limit: 2100

Memory: 4k page, system-wide physical 6020M (484M free)
TotalPageFile size 24452M (AvailPageFile size 1M)
current process WorkingSet (physical memory assigned to process): 66M, peak: 66M
current process commit charge ("private bytes"): 187M, peak: 188M

vm_info: OpenJDK 64-Bit Server VM (17.0.9+7-b1087.11) for windows-amd64 JRE (17.0.9+7-b1087.11), built on 2024-01-05 by "builduser" with MS VC++ 16.10 / 16.11 (VS2019)

END.
